08:05:50 **** Incremental Build of configuration Debug for project Clase14TN - Pila con array dinamico ****
make all 
Building file: ../src/Carta.cpp
Invoking: Cross G++ Compiler
g++ -O0 -g3 -Wall -c -fmessage-length=0 -MMD -MP -MF"src/Carta.d" -MT"src/Carta.o" -o "src/Carta.o" "../src/Carta.cpp"
../src/Carta.cpp:9:1: error: ‘Carta’ does not name a type
    9 | Carta* TDACarta::Crear(string palo,int valor){
      | ^~~~~
make: *** [src/subdir.mk:26: src/Carta.o] Error 1
"make all" terminated with exit code 2. Build might be incomplete.
08:07:14 **** Incremental Build of configuration Debug for project Clase14TN - Pila con array dinamico ****
make all 
Building file: ../src/Carta.cpp
Invoking: Cross G++ Compiler
g++ -O0 -g3 -Wall -c -fmessage-length=0 -MMD -MP -MF"src/Carta.d" -MT"src/Carta.o" -o "src/Carta.o" "../src/Carta.cpp"
Finished building: ../src/Carta.cpp
 
Building file: ../src/PilaVD.cpp
Invoking: Cross G++ Compiler
g++ -O0 -g3 -Wall -c -fmessage-length=0 -MMD -MP -MF"src/PilaVD.d" -MT"src/PilaVD.o" -o "src/PilaVD.o" "../src/PilaVD.cpp"
Finished building: ../src/PilaVD.cpp
 
Building file: ../src/main.cpp
Invoking: Cross G++ Compiler
g++ -O0 -g3 -Wall -c -fmessage-length=0 -MMD -MP -MF"src/main.d" -MT"src/main.o" -o "src/main.o" "../src/main.cpp"
../src/main.cpp: In function ‘int main()’:
../src/main.cpp:11:16: error: invalid use of incomplete type ‘struct TDACarta::Carta’
   11 |         miCarta->palo = "basto";
      |                ^~
In file included from ../src/PilaVD.h:1,
                 from ../src/main.cpp:2:
../src/Carta.h:6:16: note: forward declaration of ‘struct TDACarta::Carta’
    6 |         struct Carta;
      |                ^~~~~
../src/main.cpp:12:16: error: invalid use of incomplete type ‘struct TDACarta::Carta’
   12 |         miCarta->valor = 10;
      |                ^~
In file included from ../src/PilaVD.h:1,
                 from ../src/main.cpp:2:
../src/Carta.h:6:16: note: forward declaration of ‘struct TDACarta::Carta’
    6 |         struct Carta;
      |                ^~~~~
make: *** [src/subdir.mk:26: src/main.o] Error 1
"make all" terminated with exit code 2. Build might be incomplete.
08:08:34 **** Incremental Build of configuration Debug for project Clase14TN - Pila con array dinamico ****
make all 
Building file: ../src/Carta.cpp
Invoking: Cross G++ Compiler
g++ -O0 -g3 -Wall -c -fmessage-length=0 -MMD -MP -MF"src/Carta.d" -MT"src/Carta.o" -o "src/Carta.o" "../src/Carta.cpp"
Finished building: ../src/Carta.cpp
 
Building file: ../src/PilaVD.cpp
Invoking: Cross G++ Compiler
g++ -O0 -g3 -Wall -c -fmessage-length=0 -MMD -MP -MF"src/PilaVD.d" -MT"src/PilaVD.o" -o "src/PilaVD.o" "../src/PilaVD.cpp"
Finished building: ../src/PilaVD.cpp
 
Building file: ../src/main.cpp
Invoking: Cross G++ Compiler
g++ -O0 -g3 -Wall -c -fmessage-length=0 -MMD -MP -MF"src/main.d" -MT"src/main.o" -o "src/main.o" "../src/main.cpp"
../src/main.cpp: In function ‘int main()’:
../src/main.cpp:11:20: error: could not convert ‘miCarta’ from ‘TDACarta::Carta*’ to ‘std::string’ {aka ‘std::__cxx11::basic_string<char>’}
   11 |         CrearCarta(miCarta,"basto",10);
      |                    ^~~~~~~
      |                    |
      |                    TDACarta::Carta*
make: *** [src/subdir.mk:26: src/main.o] Error 1
"make all" terminated with exit code 2. Build might be incomplete.
08:09:08 **** Incremental Build of configuration Debug for project Clase14TN - Pila con array dinamico ****
make all 
Building file: ../src/main.cpp
Invoking: Cross G++ Compiler
g++ -O0 -g3 -Wall -c -fmessage-length=0 -MMD -MP -MF"src/main.d" -MT"src/main.o" -o "src/main.o" "../src/main.cpp"
Finished building: ../src/main.cpp
 
Building target: Clase14TN - Pila con array dinamico
Invoking: Cross G++ Linker
g++  -o "Clase14TN - Pila con array dinamico" ./src/Carta.o ./src/PilaVD.o ./src/main.o   
Finished building target: Clase14TN - Pila con array dinamico
 
08:13:26 **** Incremental Build of configuration Debug for project Clase14TN - Pila con array dinamico ****
make all 
Building file: ../src/Carta.cpp
Invoking: Cross G++ Compiler
g++ -O0 -g3 -Wall -c -fmessage-length=0 -MMD -MP -MF"src/Carta.d" -MT"src/Carta.o" -o "src/Carta.o" "../src/Carta.cpp"
Finished building: ../src/Carta.cpp
 
Building file: ../src/PilaVD.cpp
Invoking: Cross G++ Compiler
g++ -O0 -g3 -Wall -c -fmessage-length=0 -MMD -MP -MF"src/PilaVD.d" -MT"src/PilaVD.o" -o "src/PilaVD.o" "../src/PilaVD.cpp"
Finished building: ../src/PilaVD.cpp
 
Building file: ../src/main.cpp
Invoking: Cross G++ Compiler
g++ -O0 -g3 -Wall -c -fmessage-length=0 -MMD -MP -MF"src/main.d" -MT"src/main.o" -o "src/main.o" "../src/main.cpp"
Finished building: ../src/main.cpp
 
Building target: Clase14TN - Pila con array dinamico
Invoking: Cross G++ Linker
g++  -o "Clase14TN - Pila con array dinamico" ./src/Carta.o ./src/PilaVD.o ./src/main.o   
Finished building target: Clase14TN - Pila con array dinamico
 
08:13:33 **** Incremental Build of configuration Debug for project Clase14TN - Pila con array dinamico ****
make all 
make: Nothing to be done for 'all'.
08:17:16 **** Incremental Build of configuration Debug for project Clase14TN - Pila con array dinamico ****
make all 
Building file: ../src/PilaVD.cpp
Invoking: Cross G++ Compiler
g++ -O0 -g3 -Wall -c -fmessage-length=0 -MMD -MP -MF"src/PilaVD.d" -MT"src/PilaVD.o" -o "src/PilaVD.o" "../src/PilaVD.cpp"
Finished building: ../src/PilaVD.cpp
 
Building file: ../src/main.cpp
Invoking: Cross G++ Compiler
g++ -O0 -g3 -Wall -c -fmessage-length=0 -MMD -MP -MF"src/main.d" -MT"src/main.o" -o "src/main.o" "../src/main.cpp"
Finished building: ../src/main.cpp
 
Building target: Clase14TN - Pila con array dinamico
Invoking: Cross G++ Linker
g++  -o "Clase14TN - Pila con array dinamico" ./src/Carta.o ./src/PilaVD.o ./src/main.o   
Finished building target: Clase14TN - Pila con array dinamico
 
08:17:18 **** Incremental Build of configuration Debug for project Clase14TN - Pila con array dinamico ****
make all 
make: Nothing to be done for 'all'.
09:54:20 **** Build of configuration Debug for project PilaInmutable ****
make all 
Building file: ../src/Carta.cpp
Invoking: Cross G++ Compiler
g++ -O0 -g3 -Wall -c -fmessage-length=0 -MMD -MP -MF"src/Carta.d" -MT"src/Carta.o" -o "src/Carta.o" "../src/Carta.cpp"
Finished building: ../src/Carta.cpp
 
Building file: ../src/PilaVE.cpp
Invoking: Cross G++ Compiler
g++ -O0 -g3 -Wall -c -fmessage-length=0 -MMD -MP -MF"src/PilaVE.d" -MT"src/PilaVE.o" -o "src/PilaVE.o" "../src/PilaVE.cpp"
In file included from ../src/PilaVE.cpp:1:
../src/PilaVE.h:15:1: error: expected initializer before ‘}’ token
   15 | }
      | ^
../src/PilaVE.cpp:5:28: error: ‘TDAPilaVE::Pila* TDAPilaVE::Crear’ redeclared as different kind of entity
    5 | Pila* TDAPilaVE::Crear(item){
      |                            ^
In file included from ../src/PilaVE.cpp:1:
../src/PilaVE.h:11:15: note: previous declaration ‘TDAPilaVE::Pila* TDAPilaVE::Crear(TDACarta::Carta*)’
   11 |         Pila* Crear(Carta* item);
      |               ^~~~~
../src/PilaVE.cpp:5:24: error: ‘item’ was not declared in this scope; did you mean ‘tm’?
    5 | Pila* TDAPilaVE::Crear(item){
      |                        ^~~~
      |                        tm
../src/PilaVE.cpp:9:46: error: ‘void TDAPilaVE::Apilar(TDAPilaVE::Pila*, TDACarta::Carta*)’ should have been declared inside ‘TDAPilaVE’
    9 | void TDAPilaVE::Apilar(Pila* pila,Carta* item){
      |                                              ^
make: *** [src/subdir.mk:26: src/PilaVE.o] Error 1
"make all" terminated with exit code 2. Build might be incomplete.
09:55:03 **** Incremental Build of configuration Debug for project PilaInmutable ****
make all 
Building file: ../src/PilaVE.cpp
Invoking: Cross G++ Compiler
g++ -O0 -g3 -Wall -c -fmessage-length=0 -MMD -MP -MF"src/PilaVE.d" -MT"src/PilaVE.o" -o "src/PilaVE.o" "../src/PilaVE.cpp"
../src/PilaVE.cpp:5:28: error: ‘TDAPilaVE::Pila* TDAPilaVE::Crear’ redeclared as different kind of entity
    5 | Pila* TDAPilaVE::Crear(item){
      |                            ^
In file included from ../src/PilaVE.cpp:1:
../src/PilaVE.h:14:15: note: previous declaration ‘TDAPilaVE::Pila* TDAPilaVE::Crear(TDACarta::Carta*)’
   14 |         Pila* Crear(Carta* item);
      |               ^~~~~
../src/PilaVE.cpp:5:24: error: ‘item’ was not declared in this scope; did you mean ‘tm’?
    5 | Pila* TDAPilaVE::Crear(item){
      |                        ^~~~
      |                        tm
make: *** [src/subdir.mk:26: src/PilaVE.o] Error 1
"make all" terminated with exit code 2. Build might be incomplete.
09:55:24 **** Incremental Build of configuration Debug for project PilaInmutable ****
make all 
Building file: ../src/PilaVE.cpp
Invoking: Cross G++ Compiler
g++ -O0 -g3 -Wall -c -fmessage-length=0 -MMD -MP -MF"src/PilaVE.d" -MT"src/PilaVE.o" -o "src/PilaVE.o" "../src/PilaVE.cpp"
../src/PilaVE.cpp: In function ‘TDAPilaVE::Pila* TDAPilaVE::Crear(TDACarta::Carta*)’:
../src/PilaVE.cpp:7:1: warning: no return statement in function returning non-void [-Wreturn-type]
    7 | }
      | ^
Finished building: ../src/PilaVE.cpp
 
Building file: ../src/main.cpp
Invoking: Cross G++ Compiler
g++ -O0 -g3 -Wall -c -fmessage-length=0 -MMD -MP -MF"src/main.d" -MT"src/main.o" -o "src/main.o" "../src/main.cpp"
Finished building: ../src/main.cpp
 
Building target: PilaInmutable
Invoking: Cross G++ Linker
g++  -o "PilaInmutable" ./src/Carta.o ./src/PilaVE.o ./src/main.o   
/bin/ld: /usr/lib/gcc/x86_64-linux-gnu/11/../../../x86_64-linux-gnu/Scrt1.o: in function `_start':
(.text+0x1b): undefined reference to `main'
collect2: error: ld returned 1 exit status
make: *** [makefile:58: PilaInmutable] Error 1
"make all" terminated with exit code 2. Build might be incomplete.
09:55:46 **** Incremental Build of configuration Debug for project PilaInmutable ****
make all 
Building file: ../src/PilaVE.cpp
Invoking: Cross G++ Compiler
g++ -O0 -g3 -Wall -c -fmessage-length=0 -MMD -MP -MF"src/PilaVE.d" -MT"src/PilaVE.o" -o "src/PilaVE.o" "../src/PilaVE.cpp"
../src/PilaVE.cpp: In function ‘TDAPilaVE::Pila* TDAPilaVE::Crear(TDACarta::Carta*)’:
../src/PilaVE.cpp:7:1: warning: no return statement in function returning non-void [-Wreturn-type]
    7 | }
      | ^
Finished building: ../src/PilaVE.cpp
 
Building target: PilaInmutable
Invoking: Cross G++ Linker
g++  -o "PilaInmutable" ./src/Carta.o ./src/PilaVE.o ./src/main.o   
/bin/ld: /usr/lib/gcc/x86_64-linux-gnu/11/../../../x86_64-linux-gnu/Scrt1.o: in function `_start':
(.text+0x1b): undefined reference to `main'
collect2: error: ld returned 1 exit status
make: *** [makefile:58: PilaInmutable] Error 1
"make all" terminated with exit code 2. Build might be incomplete.
09:56:27 **** Incremental Build of configuration Debug for project PilaInmutable ****
make all 
Building file: ../src/main.cpp
Invoking: Cross G++ Compiler
g++ -O0 -g3 -Wall -c -fmessage-length=0 -MMD -MP -MF"src/main.d" -MT"src/main.o" -o "src/main.o" "../src/main.cpp"
Finished building: ../src/main.cpp
 
Building target: PilaInmutable
Invoking: Cross G++ Linker
g++  -o "PilaInmutable" ./src/Carta.o ./src/PilaVE.o ./src/main.o   
Finished building target: PilaInmutable
 
